<html>
<head>
<title>TestNG:  Test</title>
<link href="../testng.css" rel="stylesheet" type="text/css" />
<link href="../my-testng.css" rel="stylesheet" type="text/css" />

<style type="text/css">
.log { display: none;} 
.stack-trace { display: none;} 
</style>
<script type="text/javascript">
<!--
function flip(e) {
  current = e.style.display;
  if (current == 'block') {
    e.style.display = 'none';
    return 0;
  }
  else {
    e.style.display = 'block';
    return 1;
  }
}

function toggleBox(szDivId, elem, msg1, msg2)
{
  var res = -1;  if (document.getElementById) {
    res = flip(document.getElementById(szDivId));
  }
  else if (document.all) {
    // this is the way old msie versions work
    res = flip(document.all[szDivId]);
  }
  if(elem) {
    if(res == 0) elem.innerHTML = msg1; else elem.innerHTML = msg2;
  }

}

function toggleAllBoxes() {
  if (document.getElementsByTagName) {
    d = document.getElementsByTagName('div');
    for (i = 0; i < d.length; i++) {
      if (d[i].className == 'log') {
        flip(d[i]);
      }
    }
  }
}

// -->
</script>

</head>
<body>
<h2 align='center'>Test</h2><table border='1' align="center">
<tr>
<td>Tests passed/Failed/Skipped:</td><td>12/1/0</td>
</tr><tr>
<td>Started on:</td><td>Sat Sep 30 22:32:14 IST 2023</td>
</tr>
<tr><td>Total time:</td><td>2486 seconds (2486258 ms)</td>
</tr><tr>
<td>Included groups:</td><td></td>
</tr><tr>
<td>Excluded groups:</td><td></td>
</tr>
</table><p/>
<small><i>(Hover the method name to see the test class name)</i></small><p/>
<table width='100%' border='1' class='invocation-failed'>
<tr><td colspan='4' align='center'><b>FAILED TESTS</b></td></tr>
<tr><td><b>Test method</b></td>
<td width="30%"><b>Exception</b></td>
<td width="10%"><b>Time (seconds)</b></td>
<td><b>Instance</b></td>
</tr>
<tr>
<td title='projectT.TestCases.TestCaseMaintanance.Maintainance_page_Automation()'><b>Maintainance_page_Automation</b><br>Test class: projectT.TestCases.TestCaseMaintanance</td>
<td><div><pre>org.openqa.selenium.TimeoutException: Expected condition failed: waiting for element to be clickable: By.xpath: //div[@role=&apos;option&apos;][1]/span (tried for 20 second(s) with 500 milliseconds interval)
Build info: version: &apos;4.8.3&apos;, revision: &apos;b19b418e60&apos;
System info: os.name: &apos;Windows 8.1&apos;, os.arch: &apos;amd64&apos;, os.version: &apos;6.3&apos;, java.version: &apos;17.0.6&apos;
Driver info: org.openqa.selenium.chrome.ChromeDriver
Capabilities {acceptInsecureCerts: false, browserName: chrome, browserVersion: 109.0.5414.165, chrome: {chromedriverVersion: 109.0.5414.74 (e7c5703604da..., userDataDir: C:\Users\NAREN_~1.001\AppDa...}, goog:chromeOptions: {debuggerAddress: localhost:52702}, networkConnectionEnabled: false, pageLoadStrategy: normal, platformName: WINDOWS, proxy: Proxy(), se:cdp: ws://localhost:52702/devtoo..., se:cdpVersion: 109.0.5414.165, setWindowRect: true, strictFileInteractability: false, timeouts: {implicit: 0, pageLoad: 300000, script: 30000}, unhandledPromptBehavior: dismiss and notify, webauthn:extension:credBlob: true, webauthn:extension:largeBlob: true, webauthn:virtualAuthenticators: true}
Session ID: ed7cdc4eb01021e1d045a2a59bcce674
	at org.openqa.selenium.support.ui.WebDriverWait.timeoutException(WebDriverWait.java:87)
	at org.openqa.selenium.support.ui.FluentWait.until(FluentWait.java:231)
	at projecT.Utils.Util.click(Util.java:78)
	at projectT.pages.MaintenancePage.TerminateEmployee(MaintenancePage.java:94)
	at projectT.TestCases.TestCaseMaintanance.Maintainance_page_Automation(TestCaseMaintanance.java:24)
	at java.base/java.util.ArrayList.forEach(ArrayList.java:1511)
... Removed 27 stack frames</pre></div><a href='#' onClick='toggleBox("stack-trace876291281", this, "Click to show all stack frames", "Click to hide stack frames")'>Click to show all stack frames</a>
<div class='stack-trace' id='stack-trace876291281'><pre>org.openqa.selenium.TimeoutException: Expected condition failed: waiting for element to be clickable: By.xpath: //div[@role=&apos;option&apos;][1]/span (tried for 20 second(s) with 500 milliseconds interval)
Build info: version: &apos;4.8.3&apos;, revision: &apos;b19b418e60&apos;
System info: os.name: &apos;Windows 8.1&apos;, os.arch: &apos;amd64&apos;, os.version: &apos;6.3&apos;, java.version: &apos;17.0.6&apos;
Driver info: org.openqa.selenium.chrome.ChromeDriver
Capabilities {acceptInsecureCerts: false, browserName: chrome, browserVersion: 109.0.5414.165, chrome: {chromedriverVersion: 109.0.5414.74 (e7c5703604da..., userDataDir: C:\Users\NAREN_~1.001\AppDa...}, goog:chromeOptions: {debuggerAddress: localhost:52702}, networkConnectionEnabled: false, pageLoadStrategy: normal, platformName: WINDOWS, proxy: Proxy(), se:cdp: ws://localhost:52702/devtoo..., se:cdpVersion: 109.0.5414.165, setWindowRect: true, strictFileInteractability: false, timeouts: {implicit: 0, pageLoad: 300000, script: 30000}, unhandledPromptBehavior: dismiss and notify, webauthn:extension:credBlob: true, webauthn:extension:largeBlob: true, webauthn:virtualAuthenticators: true}
Session ID: ed7cdc4eb01021e1d045a2a59bcce674
	at org.openqa.selenium.support.ui.WebDriverWait.timeoutException(WebDriverWait.java:87)
	at org.openqa.selenium.support.ui.FluentWait.until(FluentWait.java:231)
	at projecT.Utils.Util.click(Util.java:78)
	at projectT.pages.MaintenancePage.TerminateEmployee(MaintenancePage.java:94)
	at projectT.TestCases.TestCaseMaintanance.Maintainance_page_Automation(TestCaseMaintanance.java:24)
	at java.base/jdk.internal.reflect.NativeMethodAccessorImpl.invoke0(Native Method)
	at java.base/jdk.internal.reflect.NativeMethodAccessorImpl.invoke(NativeMethodAccessorImpl.java:77)
	at java.base/jdk.internal.reflect.DelegatingMethodAccessorImpl.invoke(DelegatingMethodAccessorImpl.java:43)
	at java.base/java.lang.reflect.Method.invoke(Method.java:568)
	at org.testng.internal.MethodInvocationHelper.invokeMethod(MethodInvocationHelper.java:132)
	at org.testng.internal.TestInvoker.invokeMethod(TestInvoker.java:599)
	at org.testng.internal.TestInvoker.invokeTestMethod(TestInvoker.java:174)
	at org.testng.internal.MethodRunner.runInSequence(MethodRunner.java:46)
	at org.testng.internal.TestInvoker$MethodInvocationAgent.invoke(TestInvoker.java:822)
	at org.testng.internal.TestInvoker.invokeTestMethods(TestInvoker.java:147)
	at org.testng.internal.TestMethodWorker.invokeTestMethods(TestMethodWorker.java:146)
	at org.testng.internal.TestMethodWorker.run(TestMethodWorker.java:128)
	at java.base/java.util.ArrayList.forEach(ArrayList.java:1511)
	at org.testng.TestRunner.privateRun(TestRunner.java:764)
	at org.testng.TestRunner.run(TestRunner.java:585)
	at org.testng.SuiteRunner.runTest(SuiteRunner.java:384)
	at org.testng.SuiteRunner.runSequentially(SuiteRunner.java:378)
	at org.testng.SuiteRunner.privateRun(SuiteRunner.java:337)
	at org.testng.SuiteRunner.run(SuiteRunner.java:286)
	at org.testng.SuiteRunnerWorker.runSuite(SuiteRunnerWorker.java:53)
	at org.testng.SuiteRunnerWorker.run(SuiteRunnerWorker.java:96)
	at org.testng.TestNG.runSuitesSequentially(TestNG.java:1218)
	at org.testng.TestNG.runSuitesLocally(TestNG.java:1140)
	at org.testng.TestNG.runSuites(TestNG.java:1069)
	at org.testng.TestNG.run(TestNG.java:1037)
	at org.testng.remote.AbstractRemoteTestNG.run(AbstractRemoteTestNG.java:115)
	at org.testng.remote.RemoteTestNG.initAndRun(RemoteTestNG.java:251)
	at org.testng.remote.RemoteTestNG.main(RemoteTestNG.java:77)
</pre></div></td>
<td>54</td>
<td>projectT.TestCases.TestCaseMaintanance@71def8f8</td></tr>
</table><p>
<table width='100%' border='1' class='invocation-passed'>
<tr><td colspan='4' align='center'><b>PASSED TESTS</b></td></tr>
<tr><td><b>Test method</b></td>
<td width="30%"><b>Exception</b></td>
<td width="10%"><b>Time (seconds)</b></td>
<td><b>Instance</b></td>
</tr>
<tr>
<td title='projectT.TestCases.TestCaseAdmin.Admin_Page_Automation()'><b>Admin_Page_Automation</b><br>Test class: projectT.TestCases.TestCaseAdmin</td>
<td></td>
<td>318</td>
<td>projectT.TestCases.TestCaseAdmin@3d6f0054</td></tr>
<tr>
<td title='projectT.TestCases.TestCaseBuzz.Buzz_Page_Automation()'><b>Buzz_Page_Automation</b><br>Test class: projectT.TestCases.TestCaseBuzz</td>
<td></td>
<td>27</td>
<td>projectT.TestCases.TestCaseBuzz@16610890</td></tr>
<tr>
<td title='projectT.TestCases.TestCaseClaim.Claim_Page_Automation()'><b>Claim_Page_Automation</b><br>Test class: projectT.TestCases.TestCaseClaim</td>
<td></td>
<td>209</td>
<td>projectT.TestCases.TestCaseClaim@3bf9ce3e</td></tr>
<tr>
<td title='projectT.TestCases.TestCaseMyInfo.Config_MyInfo_Automation()'><b>Config_MyInfo_Automation</b><br>Test class: projectT.TestCases.TestCaseMyInfo</td>
<td></td>
<td>124</td>
<td>projectT.TestCases.TestCaseMyInfo@bd4dc25</td></tr>
<tr>
<td title='projectT.TestCases.TestCaseDashboard.Dashboard_Page_Automation()'><b>Dashboard_Page_Automation</b><br>Test class: projectT.TestCases.TestCaseDashboard</td>
<td></td>
<td>106</td>
<td>projectT.TestCases.TestCaseDashboard@383bfa16</td></tr>
<tr>
<td title='projectT.TestCases.TestCaseDirectory.Directory_Page_Automation()'><b>Directory_Page_Automation</b><br>Test class: projectT.TestCases.TestCaseDirectory</td>
<td></td>
<td>27</td>
<td>projectT.TestCases.TestCaseDirectory@156b88f5</td></tr>
<tr>
<td title='projectT.TestCases.TestCaseMyInfo.Edit_MyInfo_Automation()'><b>Edit_MyInfo_Automation</b><br>Test class: projectT.TestCases.TestCaseMyInfo</td>
<td></td>
<td>156</td>
<td>projectT.TestCases.TestCaseMyInfo@bd4dc25</td></tr>
<tr>
<td title='projectT.TestCases.TestCaseLeave.Leaves_Page_Automation()'><b>Leaves_Page_Automation</b><br>Test class: projectT.TestCases.TestCaseLeave</td>
<td></td>
<td>272</td>
<td>projectT.TestCases.TestCaseLeave@505fc5a4</td></tr>
<tr>
<td title='projectT.TestCases.TestCasePIM.PIM_Page_Automation()'><b>PIM_Page_Automation</b><br>Test class: projectT.TestCases.TestCasePIM</td>
<td></td>
<td>183</td>
<td>projectT.TestCases.TestCasePIM@16a0ee18</td></tr>
<tr>
<td title='projectT.TestCases.TestCasePerformance.Performance_Page_Automation()'><b>Performance_Page_Automation</b><br>Test class: projectT.TestCases.TestCasePerformance</td>
<td></td>
<td>197</td>
<td>projectT.TestCases.TestCasePerformance@25084a1e</td></tr>
<tr>
<td title='projectT.TestCases.TestCaseRecruitment.Recruitment_Page_Automation()'><b>Recruitment_Page_Automation</b><br>Test class: projectT.TestCases.TestCaseRecruitment</td>
<td></td>
<td>155</td>
<td>projectT.TestCases.TestCaseRecruitment@4efc180e</td></tr>
<tr>
<td title='projectT.TestCases.TestCaseTime.Time_Page_Automation()'><b>Time_Page_Automation</b><br>Test class: projectT.TestCases.TestCaseTime</td>
<td></td>
<td>435</td>
<td>projectT.TestCases.TestCaseTime@5fbdfdcf</td></tr>
</table><p>
</body>
</html>