<?xml version="1.0" encoding="UTF-8"?>
<!-- Generated by org.testng.reporters.JUnitXMLReporter -->
<testsuite ignored="22" hostname="NarendraSai" failures="1" tests="13" name="Test" time="2486.258" errors="0" timestamp="2023-09-30T23:13:41 IST">
  <testcase classname="projectT.TestCases.TestCasePIM" name="PIM_Page_Automation" time="183.703"/>
  <testcase classname="projectT.TestCases.TestCaseAdmin" name="Admin_Page_Automation" time="318.09"/>
  <testcase classname="projectT.TestCases.TestCaseLeave" name="Leaves_Page_Automation" time="272.901"/>
  <testcase classname="projectT.TestCases.TestCaseTime" name="Time_Page_Automation" time="435.981"/>
  <testcase classname="projectT.TestCases.TestCaseRecruitment" name="Recruitment_Page_Automation" time="155.708"/>
  <testcase classname="projectT.TestCases.TestCaseMyInfo" name="Config_MyInfo_Automation" time="124.873"/>
  <testcase classname="projectT.TestCases.TestCaseMyInfo" name="Edit_MyInfo_Automation" time="156.901"/>
  <testcase classname="projectT.TestCases.TestCasePerformance" name="Performance_Page_Automation" time="197.618"/>
  <testcase classname="projectT.TestCases.TestCaseDirectory" name="Directory_Page_Automation" time="27.411"/>
  <testcase classname="projectT.TestCases.TestCaseClaim" name="Claim_Page_Automation" time="209.206"/>
  <testcase classname="projectT.TestCases.TestCaseBuzz" name="Buzz_Page_Automation" time="27.532"/>
  <testcase classname="projectT.TestCases.TestCaseMaintanance" name="Maintainance_page_Automation" time="54.492">
    <failure type="org.openqa.selenium.TimeoutException" message="Expected condition failed: waiting for element to be clickable: By.xpath: //div[@role=&amp;apos;option&amp;apos;][1]/span (tried for 20 second(s) with 500 milliseconds interval)
Build info: version: &amp;apos;4.8.3&amp;apos;, revision: &amp;apos;b19b418e60&amp;apos;
System info: os.name: &amp;apos;Windows 8.1&amp;apos;, os.arch: &amp;apos;amd64&amp;apos;, os.version: &amp;apos;6.3&amp;apos;, java.version: &amp;apos;17.0.6&amp;apos;
Driver info: org.openqa.selenium.chrome.ChromeDriver
Capabilities {acceptInsecureCerts: false, browserName: chrome, browserVersion: 109.0.5414.165, chrome: {chromedriverVersion: 109.0.5414.74 (e7c5703604da..., userDataDir: C:\Users\NAREN_~1.001\AppDa...}, goog:chromeOptions: {debuggerAddress: localhost:52702}, networkConnectionEnabled: false, pageLoadStrategy: normal, platformName: WINDOWS, proxy: Proxy(), se:cdp: ws://localhost:52702/devtoo..., se:cdpVersion: 109.0.5414.165, setWindowRect: true, strictFileInteractability: false, timeouts: {implicit: 0, pageLoad: 300000, script: 30000}, unhandledPromptBehavior: dismiss and notify, webauthn:extension:credBlob: true, webauthn:extension:largeBlob: true, webauthn:virtualAuthenticators: true}
Session ID: ed7cdc4eb01021e1d045a2a59bcce674">
      <![CDATA[org.openqa.selenium.TimeoutException: Expected condition failed: waiting for element to be clickable: By.xpath: //div[@role='option'][1]/span (tried for 20 second(s) with 500 milliseconds interval)
Build info: version: '4.8.3', revision: 'b19b418e60'
System info: os.name: 'Windows 8.1', os.arch: 'amd64', os.version: '6.3', java.version: '17.0.6'
Driver info: org.openqa.selenium.chrome.ChromeDriver
Capabilities {acceptInsecureCerts: false, browserName: chrome, browserVersion: 109.0.5414.165, chrome: {chromedriverVersion: 109.0.5414.74 (e7c5703604da..., userDataDir: C:\Users\NAREN_~1.001\AppDa...}, goog:chromeOptions: {debuggerAddress: localhost:52702}, networkConnectionEnabled: false, pageLoadStrategy: normal, platformName: WINDOWS, proxy: Proxy(), se:cdp: ws://localhost:52702/devtoo..., se:cdpVersion: 109.0.5414.165, setWindowRect: true, strictFileInteractability: false, timeouts: {implicit: 0, pageLoad: 300000, script: 30000}, unhandledPromptBehavior: dismiss and notify, webauthn:extension:credBlob: true, webauthn:extension:largeBlob: true, webauthn:virtualAuthenticators: true}
Session ID: ed7cdc4eb01021e1d045a2a59bcce674
at org.openqa.selenium.support.ui.WebDriverWait.timeoutException(WebDriverWait.java:87)
at org.openqa.selenium.support.ui.FluentWait.until(FluentWait.java:231)
at projecT.Utils.Util.click(Util.java:78)
at projectT.pages.MaintenancePage.TerminateEmployee(MaintenancePage.java:94)
at projectT.TestCases.TestCaseMaintanance.Maintainance_page_Automation(TestCaseMaintanance.java:24)
at java.base/java.util.ArrayList.forEach(ArrayList.java:1511)
... Removed 27 stack frames]]>
    </failure>
  </testcase> <!-- Maintainance_page_Automation -->
  <testcase classname="projectT.TestCases.TestCaseDashboard" name="Dashboard_Page_Automation" time="106.612"/>
  <testcase classname="projectT.config.BaseClass" name="@BeforeSuite StartTime" time="0.0">
    <ignored/>
  </testcase> <!-- @BeforeSuite StartTime -->
  <testcase classname="projectT.config.BaseClass" name="@BeforeSuite StartTime" time="0.0">
    <ignored/>
  </testcase> <!-- @BeforeSuite StartTime -->
  <testcase classname="projectT.config.BaseClass" name="@BeforeSuite StartTime" time="0.0">
    <ignored/>
  </testcase> <!-- @BeforeSuite StartTime -->
  <testcase classname="projectT.config.BaseClass" name="@BeforeSuite StartTime" time="0.0">
    <ignored/>
  </testcase> <!-- @BeforeSuite StartTime -->
  <testcase classname="projectT.config.BaseClass" name="@BeforeSuite StartTime" time="0.0">
    <ignored/>
  </testcase> <!-- @BeforeSuite StartTime -->
  <testcase classname="projectT.config.BaseClass" name="@BeforeSuite StartTime" time="0.0">
    <ignored/>
  </testcase> <!-- @BeforeSuite StartTime -->
  <testcase classname="projectT.config.BaseClass" name="@BeforeSuite StartTime" time="0.0">
    <ignored/>
  </testcase> <!-- @BeforeSuite StartTime -->
  <testcase classname="projectT.config.BaseClass" name="@BeforeSuite StartTime" time="0.0">
    <ignored/>
  </testcase> <!-- @BeforeSuite StartTime -->
  <testcase classname="projectT.config.BaseClass" name="@BeforeSuite StartTime" time="0.0">
    <ignored/>
  </testcase> <!-- @BeforeSuite StartTime -->
  <testcase classname="projectT.config.BaseClass" name="@BeforeSuite StartTime" time="0.0">
    <ignored/>
  </testcase> <!-- @BeforeSuite StartTime -->
  <testcase classname="projectT.config.BaseClass" name="@BeforeSuite StartTime" time="0.0">
    <ignored/>
  </testcase> <!-- @BeforeSuite StartTime -->
  <testcase classname="projectT.config.BaseClass" name="@AfterSuite EndTime" time="0.0">
    <ignored/>
  </testcase> <!-- @AfterSuite EndTime -->
  <testcase classname="projectT.config.BaseClass" name="@AfterSuite EndTime" time="0.0">
    <ignored/>
  </testcase> <!-- @AfterSuite EndTime -->
  <testcase classname="projectT.config.BaseClass" name="@AfterSuite EndTime" time="0.0">
    <ignored/>
  </testcase> <!-- @AfterSuite EndTime -->
  <testcase classname="projectT.config.BaseClass" name="@AfterSuite EndTime" time="0.0">
    <ignored/>
  </testcase> <!-- @AfterSuite EndTime -->
  <testcase classname="projectT.config.BaseClass" name="@AfterSuite EndTime" time="0.0">
    <ignored/>
  </testcase> <!-- @AfterSuite EndTime -->
  <testcase classname="projectT.config.BaseClass" name="@AfterSuite EndTime" time="0.0">
    <ignored/>
  </testcase> <!-- @AfterSuite EndTime -->
  <testcase classname="projectT.config.BaseClass" name="@AfterSuite EndTime" time="0.0">
    <ignored/>
  </testcase> <!-- @AfterSuite EndTime -->
  <testcase classname="projectT.config.BaseClass" name="@AfterSuite EndTime" time="0.0">
    <ignored/>
  </testcase> <!-- @AfterSuite EndTime -->
  <testcase classname="projectT.config.BaseClass" name="@AfterSuite EndTime" time="0.0">
    <ignored/>
  </testcase> <!-- @AfterSuite EndTime -->
  <testcase classname="projectT.config.BaseClass" name="@AfterSuite EndTime" time="0.0">
    <ignored/>
  </testcase> <!-- @AfterSuite EndTime -->
  <testcase classname="projectT.config.BaseClass" name="@AfterSuite EndTime" time="0.0">
    <ignored/>
  </testcase> <!-- @AfterSuite EndTime -->
</testsuite> <!-- Test -->
