<?xml version="1.0" encoding="UTF-8"?>
<testng-results ignored="22" total="35" passed="12" failed="1" skipped="0">
  <reporter-output>
  </reporter-output>
  <suite started-at="2023-09-30T22:32:14 IST" name="Suite" finished-at="2023-09-30T23:13:40 IST" duration-ms="2486258">
    <groups>
    </groups>
    <test started-at="2023-09-30T22:32:14 IST" name="Test" finished-at="2023-09-30T23:13:40 IST" duration-ms="2486258">
      <class name="projectT.TestCases.TestCaseMyInfo">
        <test-method is-config="true" signature="BeforeTest(java.lang.reflect.Method)[pri:0, instance:projectT.TestCases.TestCaseMyInfo@bd4dc25]" started-at="2023-09-30T22:56:26 IST" name="BeforeTest" finished-at="2023-09-30T22:56:44 IST" duration-ms="18282" status="PASS">
          <params>
            <param index="0">
              <value>
                <![CDATA[public void projectT.TestCases.TestCaseMyInfo.Config_MyInfo_Automation() throws java.io.IOException]]>
              </value>
            </param>
          </params>
          <reporter-output>
          </reporter-output>
        </test-method> <!-- BeforeTest -->
        <test-method signature="Config_MyInfo_Automation()[pri:0, instance:projectT.TestCases.TestCaseMyInfo@bd4dc25]" started-at="2023-09-30T22:56:44 IST" name="Config_MyInfo_Automation" finished-at="2023-09-30T22:58:49 IST" duration-ms="124873" status="PASS">
          <reporter-output>
          </reporter-output>
        </test-method> <!-- Config_MyInfo_Automation -->
        <test-method is-config="true" signature="afterMethod(org.testng.ITestResult)[pri:0, instance:projectT.TestCases.TestCaseMyInfo@bd4dc25]" started-at="2023-09-30T22:58:49 IST" name="afterMethod" finished-at="2023-09-30T22:58:49 IST" duration-ms="185" status="PASS">
          <params>
            <param index="0">
              <value>
                <![CDATA[[TestResult name=Config_MyInfo_Automation status=SUCCESS method=TestCaseMyInfo.Config_MyInfo_Automation()[pri:0, instance:projectT.TestCases.TestCaseMyInfo@bd4dc25] output={null}]]]>
              </value>
            </param>
          </params>
          <reporter-output>
          </reporter-output>
        </test-method> <!-- afterMethod -->
        <test-method is-config="true" signature="BeforeTest(java.lang.reflect.Method)[pri:0, instance:projectT.TestCases.TestCaseMyInfo@bd4dc25]" started-at="2023-09-30T22:58:49 IST" name="BeforeTest" finished-at="2023-09-30T22:59:08 IST" duration-ms="18627" status="PASS">
          <params>
            <param index="0">
              <value>
                <![CDATA[public void projectT.TestCases.TestCaseMyInfo.Edit_MyInfo_Automation() throws java.io.IOException]]>
              </value>
            </param>
          </params>
          <reporter-output>
          </reporter-output>
        </test-method> <!-- BeforeTest -->
        <test-method signature="Edit_MyInfo_Automation()[pri:0, instance:projectT.TestCases.TestCaseMyInfo@bd4dc25]" started-at="2023-09-30T22:59:08 IST" name="Edit_MyInfo_Automation" finished-at="2023-09-30T23:01:44 IST" duration-ms="156901" status="PASS">
          <reporter-output>
          </reporter-output>
        </test-method> <!-- Edit_MyInfo_Automation -->
        <test-method is-config="true" signature="afterMethod(org.testng.ITestResult)[pri:0, instance:projectT.TestCases.TestCaseMyInfo@bd4dc25]" started-at="2023-09-30T23:01:44 IST" name="afterMethod" finished-at="2023-09-30T23:01:45 IST" duration-ms="281" status="PASS">
          <params>
            <param index="0">
              <value>
                <![CDATA[[TestResult name=Edit_MyInfo_Automation status=SUCCESS method=TestCaseMyInfo.Edit_MyInfo_Automation()[pri:0, instance:projectT.TestCases.TestCaseMyInfo@bd4dc25] output={null}]]]>
              </value>
            </param>
          </params>
          <reporter-output>
          </reporter-output>
        </test-method> <!-- afterMethod -->
      </class> <!-- projectT.TestCases.TestCaseMyInfo -->
      <class name="projectT.TestCases.TestCaseLeave">
        <test-method is-config="true" signature="BeforeTest(java.lang.reflect.Method)[pri:0, instance:projectT.TestCases.TestCaseLeave@505fc5a4]" started-at="2023-09-30T22:41:14 IST" name="BeforeTest" finished-at="2023-09-30T22:41:28 IST" duration-ms="13746" status="PASS">
          <params>
            <param index="0">
              <value>
                <![CDATA[public void projectT.TestCases.TestCaseLeave.Leaves_Page_Automation() throws java.io.IOException]]>
              </value>
            </param>
          </params>
          <reporter-output>
          </reporter-output>
        </test-method> <!-- BeforeTest -->
        <test-method signature="Leaves_Page_Automation()[pri:3, instance:projectT.TestCases.TestCaseLeave@505fc5a4]" started-at="2023-09-30T22:41:28 IST" name="Leaves_Page_Automation" finished-at="2023-09-30T22:46:01 IST" duration-ms="272901" status="PASS">
          <reporter-output>
          </reporter-output>
        </test-method> <!-- Leaves_Page_Automation -->
        <test-method is-config="true" signature="afterMethod(org.testng.ITestResult)[pri:0, instance:projectT.TestCases.TestCaseLeave@505fc5a4]" started-at="2023-09-30T22:46:01 IST" name="afterMethod" finished-at="2023-09-30T22:46:01 IST" duration-ms="314" status="PASS">
          <params>
            <param index="0">
              <value>
                <![CDATA[[TestResult name=Leaves_Page_Automation status=SUCCESS method=TestCaseLeave.Leaves_Page_Automation()[pri:3, instance:projectT.TestCases.TestCaseLeave@505fc5a4] output={null}]]]>
              </value>
            </param>
          </params>
          <reporter-output>
          </reporter-output>
        </test-method> <!-- afterMethod -->
      </class> <!-- projectT.TestCases.TestCaseLeave -->
      <class name="projectT.TestCases.TestCaseClaim">
        <test-method is-config="true" signature="BeforeTest(java.lang.reflect.Method)[pri:0, instance:projectT.TestCases.TestCaseClaim@3bf9ce3e]" started-at="2023-09-30T23:06:03 IST" name="BeforeTest" finished-at="2023-09-30T23:06:18 IST" duration-ms="14799" status="PASS">
          <params>
            <param index="0">
              <value>
                <![CDATA[public void projectT.TestCases.TestCaseClaim.Claim_Page_Automation() throws java.io.IOException]]>
              </value>
            </param>
          </params>
          <reporter-output>
          </reporter-output>
        </test-method> <!-- BeforeTest -->
        <test-method signature="Claim_Page_Automation()[pri:0, instance:projectT.TestCases.TestCaseClaim@3bf9ce3e]" started-at="2023-09-30T23:06:18 IST" name="Claim_Page_Automation" finished-at="2023-09-30T23:09:47 IST" duration-ms="209206" status="PASS">
          <reporter-output>
          </reporter-output>
        </test-method> <!-- Claim_Page_Automation -->
        <test-method is-config="true" signature="afterMethod(org.testng.ITestResult)[pri:0, instance:projectT.TestCases.TestCaseClaim@3bf9ce3e]" started-at="2023-09-30T23:09:47 IST" name="afterMethod" finished-at="2023-09-30T23:09:47 IST" duration-ms="223" status="PASS">
          <params>
            <param index="0">
              <value>
                <![CDATA[[TestResult name=Claim_Page_Automation status=SUCCESS method=TestCaseClaim.Claim_Page_Automation()[pri:0, instance:projectT.TestCases.TestCaseClaim@3bf9ce3e] output={null}]]]>
              </value>
            </param>
          </params>
          <reporter-output>
          </reporter-output>
        </test-method> <!-- afterMethod -->
      </class> <!-- projectT.TestCases.TestCaseClaim -->
      <class name="projectT.TestCases.TestCaseBuzz">
        <test-method is-config="true" signature="BeforeTest(java.lang.reflect.Method)[pri:0, instance:projectT.TestCases.TestCaseBuzz@16610890]" started-at="2023-09-30T23:09:47 IST" name="BeforeTest" finished-at="2023-09-30T23:10:00 IST" duration-ms="13117" status="PASS">
          <params>
            <param index="0">
              <value>
                <![CDATA[public void projectT.TestCases.TestCaseBuzz.Buzz_Page_Automation() throws java.io.IOException]]>
              </value>
            </param>
          </params>
          <reporter-output>
          </reporter-output>
        </test-method> <!-- BeforeTest -->
        <test-method signature="Buzz_Page_Automation()[pri:0, instance:projectT.TestCases.TestCaseBuzz@16610890]" started-at="2023-09-30T23:10:00 IST" name="Buzz_Page_Automation" finished-at="2023-09-30T23:10:28 IST" duration-ms="27532" status="PASS">
          <reporter-output>
          </reporter-output>
        </test-method> <!-- Buzz_Page_Automation -->
        <test-method is-config="true" signature="afterMethod(org.testng.ITestResult)[pri:0, instance:projectT.TestCases.TestCaseBuzz@16610890]" started-at="2023-09-30T23:10:28 IST" name="afterMethod" finished-at="2023-09-30T23:10:28 IST" duration-ms="238" status="PASS">
          <params>
            <param index="0">
              <value>
                <![CDATA[[TestResult name=Buzz_Page_Automation status=SUCCESS method=TestCaseBuzz.Buzz_Page_Automation()[pri:0, instance:projectT.TestCases.TestCaseBuzz@16610890] output={null}]]]>
              </value>
            </param>
          </params>
          <reporter-output>
          </reporter-output>
        </test-method> <!-- afterMethod -->
      </class> <!-- projectT.TestCases.TestCaseBuzz -->
      <class name="projectT.TestCases.TestCaseAdmin">
        <test-method is-config="true" signature="BeforeTest(java.lang.reflect.Method)[pri:0, instance:projectT.TestCases.TestCaseAdmin@3d6f0054]" started-at="2023-09-30T22:35:41 IST" name="BeforeTest" finished-at="2023-09-30T22:35:56 IST" duration-ms="14818" status="PASS">
          <params>
            <param index="0">
              <value>
                <![CDATA[public void projectT.TestCases.TestCaseAdmin.Admin_Page_Automation() throws java.io.IOException]]>
              </value>
            </param>
          </params>
          <reporter-output>
          </reporter-output>
        </test-method> <!-- BeforeTest -->
        <test-method signature="Admin_Page_Automation()[pri:2, instance:projectT.TestCases.TestCaseAdmin@3d6f0054]" started-at="2023-09-30T22:35:56 IST" name="Admin_Page_Automation" finished-at="2023-09-30T22:41:14 IST" duration-ms="318090" status="PASS">
          <reporter-output>
          </reporter-output>
        </test-method> <!-- Admin_Page_Automation -->
        <test-method is-config="true" signature="afterMethod(org.testng.ITestResult)[pri:0, instance:projectT.TestCases.TestCaseAdmin@3d6f0054]" started-at="2023-09-30T22:41:14 IST" name="afterMethod" finished-at="2023-09-30T22:41:14 IST" duration-ms="212" status="PASS">
          <params>
            <param index="0">
              <value>
                <![CDATA[[TestResult name=Admin_Page_Automation status=SUCCESS method=TestCaseAdmin.Admin_Page_Automation()[pri:2, instance:projectT.TestCases.TestCaseAdmin@3d6f0054] output={null}]]]>
              </value>
            </param>
          </params>
          <reporter-output>
          </reporter-output>
        </test-method> <!-- afterMethod -->
      </class> <!-- projectT.TestCases.TestCaseAdmin -->
      <class name="projectT.TestCases.TestCaseDashboard">
        <test-method is-config="true" signature="BeforeTest(java.lang.reflect.Method)[pri:0, instance:projectT.TestCases.TestCaseDashboard@383bfa16]" started-at="2023-09-30T23:11:37 IST" name="BeforeTest" finished-at="2023-09-30T23:11:54 IST" duration-ms="16614" status="PASS">
          <params>
            <param index="0">
              <value>
                <![CDATA[public void projectT.TestCases.TestCaseDashboard.Dashboard_Page_Automation() throws java.io.IOException]]>
              </value>
            </param>
          </params>
          <reporter-output>
          </reporter-output>
        </test-method> <!-- BeforeTest -->
        <test-method signature="Dashboard_Page_Automation()[pri:0, instance:projectT.TestCases.TestCaseDashboard@383bfa16]" started-at="2023-09-30T23:11:54 IST" name="Dashboard_Page_Automation" finished-at="2023-09-30T23:13:40 IST" duration-ms="106612" status="PASS">
          <reporter-output>
          </reporter-output>
        </test-method> <!-- Dashboard_Page_Automation -->
        <test-method is-config="true" signature="afterMethod(org.testng.ITestResult)[pri:0, instance:projectT.TestCases.TestCaseDashboard@383bfa16]" started-at="2023-09-30T23:13:40 IST" name="afterMethod" finished-at="2023-09-30T23:13:40 IST" duration-ms="224" status="PASS">
          <params>
            <param index="0">
              <value>
                <![CDATA[[TestResult name=Dashboard_Page_Automation status=SUCCESS method=TestCaseDashboard.Dashboard_Page_Automation()[pri:0, instance:projectT.TestCases.TestCaseDashboard@383bfa16] output={null}]]]>
              </value>
            </param>
          </params>
          <reporter-output>
          </reporter-output>
        </test-method> <!-- afterMethod -->
      </class> <!-- projectT.TestCases.TestCaseDashboard -->
      <class name="projectT.TestCases.TestCasePIM">
        <test-method is-config="true" signature="StartTime()[pri:0, instance:projectT.TestCases.TestCasePIM@16a0ee18]" started-at="2023-09-30T22:32:14 IST" name="StartTime" finished-at="2023-09-30T22:32:14 IST" duration-ms="112" status="PASS">
          <reporter-output>
          </reporter-output>
        </test-method> <!-- StartTime -->
        <test-method is-config="true" signature="BeforeTest(java.lang.reflect.Method)[pri:0, instance:projectT.TestCases.TestCasePIM@16a0ee18]" started-at="2023-09-30T22:32:14 IST" name="BeforeTest" finished-at="2023-09-30T22:32:35 IST" duration-ms="21102" status="PASS">
          <params>
            <param index="0">
              <value>
                <![CDATA[public void projectT.TestCases.TestCasePIM.PIM_Page_Automation() throws java.io.IOException]]>
              </value>
            </param>
          </params>
          <reporter-output>
          </reporter-output>
        </test-method> <!-- BeforeTest -->
        <test-method signature="PIM_Page_Automation()[pri:0, instance:projectT.TestCases.TestCasePIM@16a0ee18]" started-at="2023-09-30T22:32:35 IST" name="PIM_Page_Automation" finished-at="2023-09-30T22:35:39 IST" duration-ms="183703" status="PASS">
          <reporter-output>
          </reporter-output>
        </test-method> <!-- PIM_Page_Automation -->
        <test-method is-config="true" signature="afterMethod(org.testng.ITestResult)[pri:0, instance:projectT.TestCases.TestCasePIM@16a0ee18]" started-at="2023-09-30T22:35:39 IST" name="afterMethod" finished-at="2023-09-30T22:35:41 IST" duration-ms="1639" status="PASS">
          <params>
            <param index="0">
              <value>
                <![CDATA[[TestResult name=PIM_Page_Automation status=SUCCESS method=TestCasePIM.PIM_Page_Automation()[pri:0, instance:projectT.TestCases.TestCasePIM@16a0ee18] output={null}]]]>
              </value>
            </param>
          </params>
          <reporter-output>
          </reporter-output>
        </test-method> <!-- afterMethod -->
        <test-method is-config="true" signature="EndTime()[pri:0, instance:projectT.TestCases.TestCasePIM@16a0ee18]" started-at="2023-09-30T23:13:41 IST" name="EndTime" finished-at="2023-09-30T23:13:41 IST" duration-ms="1" status="PASS">
          <reporter-output>
          </reporter-output>
        </test-method> <!-- EndTime -->
      </class> <!-- projectT.TestCases.TestCasePIM -->
      <class name="projectT.TestCases.TestCasePerformance">
        <test-method is-config="true" signature="BeforeTest(java.lang.reflect.Method)[pri:0, instance:projectT.TestCases.TestCasePerformance@25084a1e]" started-at="2023-09-30T23:01:45 IST" name="BeforeTest" finished-at="2023-09-30T23:02:03 IST" duration-ms="18432" status="PASS">
          <params>
            <param index="0">
              <value>
                <![CDATA[public void projectT.TestCases.TestCasePerformance.Performance_Page_Automation() throws java.io.IOException]]>
              </value>
            </param>
          </params>
          <reporter-output>
          </reporter-output>
        </test-method> <!-- BeforeTest -->
        <test-method signature="Performance_Page_Automation()[pri:0, instance:projectT.TestCases.TestCasePerformance@25084a1e]" started-at="2023-09-30T23:02:03 IST" name="Performance_Page_Automation" finished-at="2023-09-30T23:05:21 IST" duration-ms="197618" status="PASS">
          <reporter-output>
          </reporter-output>
        </test-method> <!-- Performance_Page_Automation -->
        <test-method is-config="true" signature="afterMethod(org.testng.ITestResult)[pri:0, instance:projectT.TestCases.TestCasePerformance@25084a1e]" started-at="2023-09-30T23:05:21 IST" name="afterMethod" finished-at="2023-09-30T23:05:21 IST" duration-ms="163" status="PASS">
          <params>
            <param index="0">
              <value>
                <![CDATA[[TestResult name=Performance_Page_Automation status=SUCCESS method=TestCasePerformance.Performance_Page_Automation()[pri:0, instance:projectT.TestCases.TestCasePerformance@25084a1e] output={null}]]]>
              </value>
            </param>
          </params>
          <reporter-output>
          </reporter-output>
        </test-method> <!-- afterMethod -->
      </class> <!-- projectT.TestCases.TestCasePerformance -->
      <class name="projectT.TestCases.TestCaseMaintanance">
        <test-method is-config="true" signature="BeforeTest(java.lang.reflect.Method)[pri:0, instance:projectT.TestCases.TestCaseMaintanance@71def8f8]" started-at="2023-09-30T23:10:28 IST" name="BeforeTest" finished-at="2023-09-30T23:10:42 IST" duration-ms="14079" status="PASS">
          <params>
            <param index="0">
              <value>
                <![CDATA[public void projectT.TestCases.TestCaseMaintanance.Maintainance_page_Automation() throws java.io.IOException]]>
              </value>
            </param>
          </params>
          <reporter-output>
          </reporter-output>
        </test-method> <!-- BeforeTest -->
        <test-method signature="Maintainance_page_Automation()[pri:0, instance:projectT.TestCases.TestCaseMaintanance@71def8f8]" started-at="2023-09-30T23:10:42 IST" name="Maintainance_page_Automation" finished-at="2023-09-30T23:11:37 IST" duration-ms="54492" status="FAIL">
          <exception class="org.openqa.selenium.TimeoutException">
            <message>
              <![CDATA[Expected condition failed: waiting for element to be clickable: By.xpath: //div[@role='option'][1]/span (tried for 20 second(s) with 500 milliseconds interval)
Build info: version: '4.8.3', revision: 'b19b418e60'
System info: os.name: 'Windows 8.1', os.arch: 'amd64', os.version: '6.3', java.version: '17.0.6'
Driver info: org.openqa.selenium.chrome.ChromeDriver
Capabilities {acceptInsecureCerts: false, browserName: chrome, browserVersion: 109.0.5414.165, chrome: {chromedriverVersion: 109.0.5414.74 (e7c5703604da..., userDataDir: C:\Users\NAREN_~1.001\AppDa...}, goog:chromeOptions: {debuggerAddress: localhost:52702}, networkConnectionEnabled: false, pageLoadStrategy: normal, platformName: WINDOWS, proxy: Proxy(), se:cdp: ws://localhost:52702/devtoo..., se:cdpVersion: 109.0.5414.165, setWindowRect: true, strictFileInteractability: false, timeouts: {implicit: 0, pageLoad: 300000, script: 30000}, unhandledPromptBehavior: dismiss and notify, webauthn:extension:credBlob: true, webauthn:extension:largeBlob: true, webauthn:virtualAuthenticators: true}
Session ID: ed7cdc4eb01021e1d045a2a59bcce674]]>
            </message>
            <full-stacktrace>
              <![CDATA[org.openqa.selenium.TimeoutException: Expected condition failed: waiting for element to be clickable: By.xpath: //div[@role='option'][1]/span (tried for 20 second(s) with 500 milliseconds interval)
Build info: version: '4.8.3', revision: 'b19b418e60'
System info: os.name: 'Windows 8.1', os.arch: 'amd64', os.version: '6.3', java.version: '17.0.6'
Driver info: org.openqa.selenium.chrome.ChromeDriver
Capabilities {acceptInsecureCerts: false, browserName: chrome, browserVersion: 109.0.5414.165, chrome: {chromedriverVersion: 109.0.5414.74 (e7c5703604da..., userDataDir: C:\Users\NAREN_~1.001\AppDa...}, goog:chromeOptions: {debuggerAddress: localhost:52702}, networkConnectionEnabled: false, pageLoadStrategy: normal, platformName: WINDOWS, proxy: Proxy(), se:cdp: ws://localhost:52702/devtoo..., se:cdpVersion: 109.0.5414.165, setWindowRect: true, strictFileInteractability: false, timeouts: {implicit: 0, pageLoad: 300000, script: 30000}, unhandledPromptBehavior: dismiss and notify, webauthn:extension:credBlob: true, webauthn:extension:largeBlob: true, webauthn:virtualAuthenticators: true}
Session ID: ed7cdc4eb01021e1d045a2a59bcce674
at org.openqa.selenium.support.ui.WebDriverWait.timeoutException(WebDriverWait.java:87)
at org.openqa.selenium.support.ui.FluentWait.until(FluentWait.java:231)
at projecT.Utils.Util.click(Util.java:78)
at projectT.pages.MaintenancePage.TerminateEmployee(MaintenancePage.java:94)
at projectT.TestCases.TestCaseMaintanance.Maintainance_page_Automation(TestCaseMaintanance.java:24)
at java.base/jdk.internal.reflect.NativeMethodAccessorImpl.invoke0(Native Method)
at java.base/jdk.internal.reflect.NativeMethodAccessorImpl.invoke(NativeMethodAccessorImpl.java:77)
at java.base/jdk.internal.reflect.DelegatingMethodAccessorImpl.invoke(DelegatingMethodAccessorImpl.java:43)
at java.base/java.lang.reflect.Method.invoke(Method.java:568)
at org.testng.internal.MethodInvocationHelper.invokeMethod(MethodInvocationHelper.java:132)
at org.testng.internal.TestInvoker.invokeMethod(TestInvoker.java:599)
at org.testng.internal.TestInvoker.invokeTestMethod(TestInvoker.java:174)
at org.testng.internal.MethodRunner.runInSequence(MethodRunner.java:46)
at org.testng.internal.TestInvoker$MethodInvocationAgent.invoke(TestInvoker.java:822)
at org.testng.internal.TestInvoker.invokeTestMethods(TestInvoker.java:147)
at org.testng.internal.TestMethodWorker.invokeTestMethods(TestMethodWorker.java:146)
at org.testng.internal.TestMethodWorker.run(TestMethodWorker.java:128)
at java.base/java.util.ArrayList.forEach(ArrayList.java:1511)
at org.testng.TestRunner.privateRun(TestRunner.java:764)
at org.testng.TestRunner.run(TestRunner.java:585)
at org.testng.SuiteRunner.runTest(SuiteRunner.java:384)
at org.testng.SuiteRunner.runSequentially(SuiteRunner.java:378)
at org.testng.SuiteRunner.privateRun(SuiteRunner.java:337)
at org.testng.SuiteRunner.run(SuiteRunner.java:286)
at org.testng.SuiteRunnerWorker.runSuite(SuiteRunnerWorker.java:53)
at org.testng.SuiteRunnerWorker.run(SuiteRunnerWorker.java:96)
at org.testng.TestNG.runSuitesSequentially(TestNG.java:1218)
at org.testng.TestNG.runSuitesLocally(TestNG.java:1140)
at org.testng.TestNG.runSuites(TestNG.java:1069)
at org.testng.TestNG.run(TestNG.java:1037)
at org.testng.remote.AbstractRemoteTestNG.run(AbstractRemoteTestNG.java:115)
at org.testng.remote.RemoteTestNG.initAndRun(RemoteTestNG.java:251)
at org.testng.remote.RemoteTestNG.main(RemoteTestNG.java:77)
]]>
            </full-stacktrace>
          </exception> <!-- org.openqa.selenium.TimeoutException -->
          <reporter-output>
          </reporter-output>
        </test-method> <!-- Maintainance_page_Automation -->
        <test-method is-config="true" signature="afterMethod(org.testng.ITestResult)[pri:0, instance:projectT.TestCases.TestCaseMaintanance@71def8f8]" started-at="2023-09-30T23:11:37 IST" name="afterMethod" finished-at="2023-09-30T23:11:37 IST" duration-ms="209" status="PASS">
          <params>
            <param index="0">
              <value>
                <![CDATA[[TestResult name=Maintainance_page_Automation status=FAILURE method=TestCaseMaintanance.Maintainance_page_Automation()[pri:0, instance:projectT.TestCases.TestCaseMaintanance@71def8f8] output={null}]]]>
              </value>
            </param>
          </params>
          <reporter-output>
          </reporter-output>
        </test-method> <!-- afterMethod -->
      </class> <!-- projectT.TestCases.TestCaseMaintanance -->
      <class name="projectT.TestCases.TestCaseTime">
        <test-method is-config="true" signature="BeforeTest(java.lang.reflect.Method)[pri:0, instance:projectT.TestCases.TestCaseTime@5fbdfdcf]" started-at="2023-09-30T22:46:01 IST" name="BeforeTest" finished-at="2023-09-30T22:46:15 IST" duration-ms="13607" status="PASS">
          <params>
            <param index="0">
              <value>
                <![CDATA[public void projectT.TestCases.TestCaseTime.Time_Page_Automation() throws java.io.IOException]]>
              </value>
            </param>
          </params>
          <reporter-output>
          </reporter-output>
        </test-method> <!-- BeforeTest -->
        <test-method signature="Time_Page_Automation()[pri:0, instance:projectT.TestCases.TestCaseTime@5fbdfdcf]" started-at="2023-09-30T22:46:15 IST" name="Time_Page_Automation" finished-at="2023-09-30T22:53:31 IST" duration-ms="435981" status="PASS">
          <reporter-output>
          </reporter-output>
        </test-method> <!-- Time_Page_Automation -->
        <test-method is-config="true" signature="afterMethod(org.testng.ITestResult)[pri:0, instance:projectT.TestCases.TestCaseTime@5fbdfdcf]" started-at="2023-09-30T22:53:31 IST" name="afterMethod" finished-at="2023-09-30T22:53:31 IST" duration-ms="241" status="PASS">
          <params>
            <param index="0">
              <value>
                <![CDATA[[TestResult name=Time_Page_Automation status=SUCCESS method=TestCaseTime.Time_Page_Automation()[pri:0, instance:projectT.TestCases.TestCaseTime@5fbdfdcf] output={null}]]]>
              </value>
            </param>
          </params>
          <reporter-output>
          </reporter-output>
        </test-method> <!-- afterMethod -->
      </class> <!-- projectT.TestCases.TestCaseTime -->
      <class name="projectT.TestCases.TestCaseDirectory">
        <test-method is-config="true" signature="BeforeTest(java.lang.reflect.Method)[pri:0, instance:projectT.TestCases.TestCaseDirectory@156b88f5]" started-at="2023-09-30T23:05:21 IST" name="BeforeTest" finished-at="2023-09-30T23:05:35 IST" duration-ms="14573" status="PASS">
          <params>
            <param index="0">
              <value>
                <![CDATA[public void projectT.TestCases.TestCaseDirectory.Directory_Page_Automation() throws java.io.IOException]]>
              </value>
            </param>
          </params>
          <reporter-output>
          </reporter-output>
        </test-method> <!-- BeforeTest -->
        <test-method signature="Directory_Page_Automation()[pri:0, instance:projectT.TestCases.TestCaseDirectory@156b88f5]" started-at="2023-09-30T23:05:35 IST" name="Directory_Page_Automation" finished-at="2023-09-30T23:06:03 IST" duration-ms="27411" status="PASS">
          <reporter-output>
          </reporter-output>
        </test-method> <!-- Directory_Page_Automation -->
        <test-method is-config="true" signature="afterMethod(org.testng.ITestResult)[pri:0, instance:projectT.TestCases.TestCaseDirectory@156b88f5]" started-at="2023-09-30T23:06:03 IST" name="afterMethod" finished-at="2023-09-30T23:06:03 IST" duration-ms="210" status="PASS">
          <params>
            <param index="0">
              <value>
                <![CDATA[[TestResult name=Directory_Page_Automation status=SUCCESS method=TestCaseDirectory.Directory_Page_Automation()[pri:0, instance:projectT.TestCases.TestCaseDirectory@156b88f5] output={null}]]]>
              </value>
            </param>
          </params>
          <reporter-output>
          </reporter-output>
        </test-method> <!-- afterMethod -->
      </class> <!-- projectT.TestCases.TestCaseDirectory -->
      <class name="projectT.TestCases.TestCaseRecruitment">
        <test-method is-config="true" signature="BeforeTest(java.lang.reflect.Method)[pri:0, instance:projectT.TestCases.TestCaseRecruitment@4efc180e]" started-at="2023-09-30T22:53:31 IST" name="BeforeTest" finished-at="2023-09-30T22:53:50 IST" duration-ms="18812" status="PASS">
          <params>
            <param index="0">
              <value>
                <![CDATA[public void projectT.TestCases.TestCaseRecruitment.Recruitment_Page_Automation() throws java.io.IOException]]>
              </value>
            </param>
          </params>
          <reporter-output>
          </reporter-output>
        </test-method> <!-- BeforeTest -->
        <test-method signature="Recruitment_Page_Automation()[pri:0, instance:projectT.TestCases.TestCaseRecruitment@4efc180e]" started-at="2023-09-30T22:53:50 IST" name="Recruitment_Page_Automation" finished-at="2023-09-30T22:56:25 IST" duration-ms="155708" status="PASS">
          <reporter-output>
          </reporter-output>
        </test-method> <!-- Recruitment_Page_Automation -->
        <test-method is-config="true" signature="afterMethod(org.testng.ITestResult)[pri:0, instance:projectT.TestCases.TestCaseRecruitment@4efc180e]" started-at="2023-09-30T22:56:25 IST" name="afterMethod" finished-at="2023-09-30T22:56:26 IST" duration-ms="246" status="PASS">
          <params>
            <param index="0">
              <value>
                <![CDATA[[TestResult name=Recruitment_Page_Automation status=SUCCESS method=TestCaseRecruitment.Recruitment_Page_Automation()[pri:0, instance:projectT.TestCases.TestCaseRecruitment@4efc180e] output={null}]]]>
              </value>
            </param>
          </params>
          <reporter-output>
          </reporter-output>
        </test-method> <!-- afterMethod -->
      </class> <!-- projectT.TestCases.TestCaseRecruitment -->
    </test> <!-- Test -->
  </suite> <!-- Suite -->
</testng-results>
